<?xml version="1.0" encoding="UTF-8"?>
<!-- Generated by org.testng.reporters.JUnitReportReporter -->
<testsuite hostname="LNAR-5CG923BF64" name="com.acti.base.DriverScript" tests="1" failures="0" timestamp="26 Sep 2020 09:53:33 GMT" time="14.632" errors="0">
  <testcase name="initBrowser" time="14.632" classname="com.acti.base.DriverScript"/>
</testsuite> <!-- com.acti.base.DriverScript -->
